{"C:\\Users\\equig\\OneDrive\\Desktop\\MyStuff\\Portfolio\\script.js": {"path":"C:\\Users\\equig\\OneDrive\\Desktop\\MyStuff\\Portfolio\\script.js","all":false,"statementMap":{"0":{"start":{"line":1,"column":0},"end":{"line":1,"column":23}},"1":{"start":{"line":2,"column":0},"end":{"line":2,"column":0}},"2":{"start":{"line":3,"column":0},"end":{"line":3,"column":43}},"3":{"start":{"line":4,"column":0},"end":{"line":4,"column":71}},"4":{"start":{"line":5,"column":0},"end":{"line":5,"column":51}},"5":{"start":{"line":6,"column":0},"end":{"line":6,"column":1}},"6":{"start":{"line":7,"column":0},"end":{"line":7,"column":0}},"7":{"start":{"line":8,"column":0},"end":{"line":8,"column":97}},"8":{"start":{"line":9,"column":0},"end":{"line":9,"column":68}},"9":{"start":{"line":10,"column":0},"end":{"line":10,"column":62}},"10":{"start":{"line":11,"column":0},"end":{"line":11,"column":59}},"11":{"start":{"line":12,"column":0},"end":{"line":12,"column":68}},"12":{"start":{"line":13,"column":0},"end":{"line":13,"column":0}},"13":{"start":{"line":14,"column":0},"end":{"line":14,"column":55}},"14":{"start":{"line":15,"column":0},"end":{"line":15,"column":91}},"15":{"start":{"line":16,"column":0},"end":{"line":16,"column":43}},"16":{"start":{"line":17,"column":0},"end":{"line":17,"column":58}},"17":{"start":{"line":18,"column":0},"end":{"line":18,"column":0}},"18":{"start":{"line":19,"column":0},"end":{"line":19,"column":95}},"19":{"start":{"line":20,"column":0},"end":{"line":20,"column":108}},"20":{"start":{"line":21,"column":0},"end":{"line":21,"column":111}},"21":{"start":{"line":22,"column":0},"end":{"line":22,"column":236}},"22":{"start":{"line":23,"column":0},"end":{"line":23,"column":91}},"23":{"start":{"line":24,"column":0},"end":{"line":24,"column":74}},"24":{"start":{"line":25,"column":0},"end":{"line":25,"column":107}},"25":{"start":{"line":26,"column":0},"end":{"line":26,"column":5}},"26":{"start":{"line":27,"column":0},"end":{"line":27,"column":0}},"27":{"start":{"line":28,"column":0},"end":{"line":28,"column":92}},"28":{"start":{"line":29,"column":0},"end":{"line":29,"column":0}},"29":{"start":{"line":30,"column":0},"end":{"line":30,"column":69}},"30":{"start":{"line":31,"column":0},"end":{"line":31,"column":61}},"31":{"start":{"line":32,"column":0},"end":{"line":32,"column":65}},"32":{"start":{"line":33,"column":0},"end":{"line":33,"column":59}},"33":{"start":{"line":34,"column":0},"end":{"line":34,"column":0}},"34":{"start":{"line":35,"column":0},"end":{"line":35,"column":40}},"35":{"start":{"line":36,"column":0},"end":{"line":36,"column":1}},"36":{"start":{"line":37,"column":0},"end":{"line":37,"column":0}},"37":{"start":{"line":38,"column":0},"end":{"line":38,"column":79}},"38":{"start":{"line":39,"column":0},"end":{"line":39,"column":68}},"39":{"start":{"line":40,"column":0},"end":{"line":40,"column":68}},"40":{"start":{"line":41,"column":0},"end":{"line":41,"column":0}},"41":{"start":{"line":42,"column":0},"end":{"line":42,"column":55}},"42":{"start":{"line":43,"column":0},"end":{"line":43,"column":61}},"43":{"start":{"line":44,"column":0},"end":{"line":44,"column":0}},"44":{"start":{"line":45,"column":0},"end":{"line":45,"column":69}},"45":{"start":{"line":46,"column":0},"end":{"line":46,"column":23}},"46":{"start":{"line":47,"column":0},"end":{"line":47,"column":104}},"47":{"start":{"line":48,"column":0},"end":{"line":48,"column":31}},"48":{"start":{"line":49,"column":0},"end":{"line":49,"column":53}},"49":{"start":{"line":50,"column":0},"end":{"line":50,"column":9}},"50":{"start":{"line":51,"column":0},"end":{"line":51,"column":12}},"51":{"start":{"line":52,"column":0},"end":{"line":52,"column":96}},"52":{"start":{"line":53,"column":0},"end":{"line":53,"column":73}},"53":{"start":{"line":54,"column":0},"end":{"line":54,"column":5}},"54":{"start":{"line":55,"column":0},"end":{"line":55,"column":0}},"55":{"start":{"line":56,"column":0},"end":{"line":56,"column":40}},"56":{"start":{"line":57,"column":0},"end":{"line":57,"column":1}},"57":{"start":{"line":58,"column":0},"end":{"line":58,"column":0}},"58":{"start":{"line":59,"column":0},"end":{"line":59,"column":57}},"59":{"start":{"line":60,"column":0},"end":{"line":60,"column":48}},"60":{"start":{"line":61,"column":0},"end":{"line":61,"column":30}},"61":{"start":{"line":62,"column":0},"end":{"line":62,"column":81}},"62":{"start":{"line":63,"column":0},"end":{"line":63,"column":29}},"63":{"start":{"line":64,"column":0},"end":{"line":64,"column":24}},"64":{"start":{"line":65,"column":0},"end":{"line":65,"column":1}},"65":{"start":{"line":66,"column":0},"end":{"line":66,"column":0}},"66":{"start":{"line":67,"column":0},"end":{"line":67,"column":29}},"67":{"start":{"line":68,"column":0},"end":{"line":68,"column":21}},"68":{"start":{"line":69,"column":0},"end":{"line":69,"column":29}},"69":{"start":{"line":70,"column":0},"end":{"line":70,"column":5}},"70":{"start":{"line":71,"column":0},"end":{"line":71,"column":1}},"71":{"start":{"line":72,"column":0},"end":{"line":72,"column":0}},"72":{"start":{"line":73,"column":0},"end":{"line":73,"column":53}},"73":{"start":{"line":74,"column":0},"end":{"line":74,"column":37}},"74":{"start":{"line":75,"column":0},"end":{"line":75,"column":110}},"75":{"start":{"line":76,"column":0},"end":{"line":76,"column":30}},"76":{"start":{"line":77,"column":0},"end":{"line":77,"column":0}},"77":{"start":{"line":78,"column":0},"end":{"line":78,"column":49}},"78":{"start":{"line":79,"column":0},"end":{"line":79,"column":69}},"79":{"start":{"line":80,"column":0},"end":{"line":80,"column":67}},"80":{"start":{"line":81,"column":0},"end":{"line":81,"column":65}},"81":{"start":{"line":82,"column":0},"end":{"line":82,"column":68}},"82":{"start":{"line":83,"column":0},"end":{"line":83,"column":0}},"83":{"start":{"line":84,"column":0},"end":{"line":84,"column":60}},"84":{"start":{"line":85,"column":0},"end":{"line":85,"column":77}},"85":{"start":{"line":86,"column":0},"end":{"line":86,"column":99}},"86":{"start":{"line":87,"column":0},"end":{"line":87,"column":91}},"87":{"start":{"line":88,"column":0},"end":{"line":88,"column":76}},"88":{"start":{"line":89,"column":0},"end":{"line":89,"column":77}},"89":{"start":{"line":90,"column":0},"end":{"line":90,"column":88}},"90":{"start":{"line":91,"column":0},"end":{"line":91,"column":76}},"91":{"start":{"line":92,"column":0},"end":{"line":92,"column":12}},"92":{"start":{"line":93,"column":0},"end":{"line":93,"column":94}},"93":{"start":{"line":94,"column":0},"end":{"line":94,"column":5}},"94":{"start":{"line":95,"column":0},"end":{"line":95,"column":0}},"95":{"start":{"line":96,"column":0},"end":{"line":96,"column":34}},"96":{"start":{"line":97,"column":0},"end":{"line":97,"column":48}},"97":{"start":{"line":98,"column":0},"end":{"line":98,"column":51}},"98":{"start":{"line":99,"column":0},"end":{"line":99,"column":93}},"99":{"start":{"line":100,"column":0},"end":{"line":100,"column":11}},"100":{"start":{"line":101,"column":0},"end":{"line":101,"column":7}},"101":{"start":{"line":102,"column":0},"end":{"line":102,"column":0}},"102":{"start":{"line":103,"column":0},"end":{"line":103,"column":69}},"103":{"start":{"line":104,"column":0},"end":{"line":104,"column":34}},"104":{"start":{"line":105,"column":0},"end":{"line":105,"column":48}},"105":{"start":{"line":106,"column":0},"end":{"line":106,"column":48}},"106":{"start":{"line":107,"column":0},"end":{"line":107,"column":74}},"107":{"start":{"line":108,"column":0},"end":{"line":108,"column":11}},"108":{"start":{"line":109,"column":0},"end":{"line":109,"column":7}},"109":{"start":{"line":110,"column":0},"end":{"line":110,"column":0}},"110":{"start":{"line":111,"column":0},"end":{"line":111,"column":93}},"111":{"start":{"line":112,"column":0},"end":{"line":112,"column":46}},"112":{"start":{"line":113,"column":0},"end":{"line":113,"column":48}},"113":{"start":{"line":114,"column":0},"end":{"line":114,"column":82}},"114":{"start":{"line":115,"column":0},"end":{"line":115,"column":30}},"115":{"start":{"line":116,"column":0},"end":{"line":116,"column":31}},"116":{"start":{"line":117,"column":0},"end":{"line":117,"column":80}},"117":{"start":{"line":118,"column":0},"end":{"line":118,"column":72}},"118":{"start":{"line":119,"column":0},"end":{"line":119,"column":60}},"119":{"start":{"line":120,"column":0},"end":{"line":120,"column":17}},"120":{"start":{"line":121,"column":0},"end":{"line":121,"column":13}},"121":{"start":{"line":122,"column":0},"end":{"line":122,"column":51}},"122":{"start":{"line":123,"column":0},"end":{"line":123,"column":47}},"123":{"start":{"line":124,"column":0},"end":{"line":124,"column":13}},"124":{"start":{"line":125,"column":0},"end":{"line":125,"column":25}},"125":{"start":{"line":126,"column":0},"end":{"line":126,"column":109}},"126":{"start":{"line":127,"column":0},"end":{"line":127,"column":77}},"127":{"start":{"line":128,"column":0},"end":{"line":128,"column":13}},"128":{"start":{"line":129,"column":0},"end":{"line":129,"column":11}},"129":{"start":{"line":130,"column":0},"end":{"line":130,"column":7}},"130":{"start":{"line":131,"column":0},"end":{"line":131,"column":0}},"131":{"start":{"line":132,"column":0},"end":{"line":132,"column":29}},"132":{"start":{"line":133,"column":0},"end":{"line":133,"column":35}},"133":{"start":{"line":134,"column":0},"end":{"line":134,"column":47}},"134":{"start":{"line":135,"column":0},"end":{"line":135,"column":39}},"135":{"start":{"line":136,"column":0},"end":{"line":136,"column":100}},"136":{"start":{"line":137,"column":0},"end":{"line":137,"column":91}},"137":{"start":{"line":138,"column":0},"end":{"line":138,"column":13}},"138":{"start":{"line":139,"column":0},"end":{"line":139,"column":11}},"139":{"start":{"line":140,"column":0},"end":{"line":140,"column":7}},"140":{"start":{"line":141,"column":0},"end":{"line":141,"column":0}},"141":{"start":{"line":142,"column":0},"end":{"line":142,"column":65}},"142":{"start":{"line":143,"column":0},"end":{"line":143,"column":24}},"143":{"start":{"line":144,"column":0},"end":{"line":144,"column":61}},"144":{"start":{"line":145,"column":0},"end":{"line":145,"column":5}},"145":{"start":{"line":146,"column":0},"end":{"line":146,"column":0}},"146":{"start":{"line":147,"column":0},"end":{"line":147,"column":45}},"147":{"start":{"line":148,"column":0},"end":{"line":148,"column":64}},"148":{"start":{"line":149,"column":0},"end":{"line":149,"column":68}},"149":{"start":{"line":150,"column":0},"end":{"line":150,"column":71}},"150":{"start":{"line":151,"column":0},"end":{"line":151,"column":0}},"151":{"start":{"line":152,"column":0},"end":{"line":152,"column":25}},"152":{"start":{"line":153,"column":0},"end":{"line":153,"column":58}},"153":{"start":{"line":154,"column":0},"end":{"line":154,"column":56}},"154":{"start":{"line":155,"column":0},"end":{"line":155,"column":23}},"155":{"start":{"line":156,"column":0},"end":{"line":156,"column":13}},"156":{"start":{"line":157,"column":0},"end":{"line":157,"column":35}},"157":{"start":{"line":158,"column":0},"end":{"line":158,"column":53}},"158":{"start":{"line":159,"column":0},"end":{"line":159,"column":31}},"159":{"start":{"line":160,"column":0},"end":{"line":160,"column":5}},"160":{"start":{"line":161,"column":0},"end":{"line":161,"column":0}},"161":{"start":{"line":162,"column":0},"end":{"line":162,"column":63}},"162":{"start":{"line":163,"column":0},"end":{"line":163,"column":33}},"163":{"start":{"line":164,"column":0},"end":{"line":164,"column":0}},"164":{"start":{"line":165,"column":0},"end":{"line":165,"column":56}},"165":{"start":{"line":166,"column":0},"end":{"line":166,"column":80}},"166":{"start":{"line":167,"column":0},"end":{"line":167,"column":39}},"167":{"start":{"line":168,"column":0},"end":{"line":168,"column":11}},"168":{"start":{"line":169,"column":0},"end":{"line":169,"column":58}},"169":{"start":{"line":170,"column":0},"end":{"line":170,"column":79}},"170":{"start":{"line":171,"column":0},"end":{"line":171,"column":41}},"171":{"start":{"line":172,"column":0},"end":{"line":172,"column":11}},"172":{"start":{"line":173,"column":0},"end":{"line":173,"column":5}},"173":{"start":{"line":174,"column":0},"end":{"line":174,"column":0}},"174":{"start":{"line":175,"column":0},"end":{"line":175,"column":64}},"175":{"start":{"line":176,"column":0},"end":{"line":176,"column":22}},"176":{"start":{"line":177,"column":0},"end":{"line":177,"column":55}},"177":{"start":{"line":178,"column":0},"end":{"line":178,"column":31}},"178":{"start":{"line":179,"column":0},"end":{"line":179,"column":82}},"179":{"start":{"line":180,"column":0},"end":{"line":180,"column":56}},"180":{"start":{"line":181,"column":0},"end":{"line":181,"column":55}},"181":{"start":{"line":182,"column":0},"end":{"line":182,"column":39}},"182":{"start":{"line":183,"column":0},"end":{"line":183,"column":68}},"183":{"start":{"line":184,"column":0},"end":{"line":184,"column":57}},"184":{"start":{"line":185,"column":0},"end":{"line":185,"column":0}},"185":{"start":{"line":186,"column":0},"end":{"line":186,"column":30}},"186":{"start":{"line":187,"column":0},"end":{"line":187,"column":63}},"187":{"start":{"line":188,"column":0},"end":{"line":188,"column":79}},"188":{"start":{"line":189,"column":0},"end":{"line":189,"column":61}},"189":{"start":{"line":190,"column":0},"end":{"line":190,"column":34}},"190":{"start":{"line":191,"column":0},"end":{"line":191,"column":58}},"191":{"start":{"line":192,"column":0},"end":{"line":192,"column":58}},"192":{"start":{"line":193,"column":0},"end":{"line":193,"column":48}},"193":{"start":{"line":194,"column":0},"end":{"line":194,"column":48}},"194":{"start":{"line":195,"column":0},"end":{"line":195,"column":40}},"195":{"start":{"line":196,"column":0},"end":{"line":196,"column":25}},"196":{"start":{"line":197,"column":0},"end":{"line":197,"column":21}},"197":{"start":{"line":198,"column":0},"end":{"line":198,"column":11}},"198":{"start":{"line":199,"column":0},"end":{"line":199,"column":5}},"199":{"start":{"line":200,"column":0},"end":{"line":200,"column":3}},"200":{"start":{"line":201,"column":0},"end":{"line":201,"column":0}},"201":{"start":{"line":202,"column":0},"end":{"line":202,"column":54}},"202":{"start":{"line":203,"column":0},"end":{"line":203,"column":123}},"203":{"start":{"line":204,"column":0},"end":{"line":204,"column":1}}},"s":{"0":1,"1":1,"2":13,"3":13,"4":13,"5":13,"6":1,"7":7,"8":7,"9":7,"10":7,"11":7,"12":7,"13":7,"14":7,"15":7,"16":7,"17":7,"18":7,"19":7,"20":7,"21":7,"22":7,"23":0,"24":0,"25":0,"26":7,"27":7,"28":7,"29":7,"30":7,"31":7,"32":7,"33":7,"34":7,"35":7,"36":1,"37":2,"38":2,"39":2,"40":2,"41":2,"42":2,"43":2,"44":2,"45":2,"46":2,"47":2,"48":2,"49":2,"50":2,"51":0,"52":0,"53":0,"54":2,"55":2,"56":2,"57":1,"58":10,"59":10,"60":10,"61":10,"62":10,"63":10,"64":10,"65":1,"66":20,"67":20,"68":0,"69":0,"70":20,"71":1,"72":1,"73":0,"74":0,"75":0,"76":0,"77":0,"78":0,"79":0,"80":0,"81":0,"82":0,"83":0,"84":0,"85":0,"86":0,"87":0,"88":0,"89":0,"90":0,"91":0,"92":0,"93":0,"94":0,"95":0,"96":0,"97":0,"98":0,"99":0,"100":0,"101":0,"102":0,"103":0,"104":0,"105":0,"106":0,"107":0,"108":0,"109":0,"110":0,"111":0,"112":0,"113":0,"114":0,"115":0,"116":0,"117":0,"118":0,"119":0,"120":0,"121":0,"122":0,"123":0,"124":0,"125":0,"126":0,"127":0,"128":0,"129":0,"130":0,"131":0,"132":0,"133":0,"134":0,"135":0,"136":0,"137":0,"138":0,"139":0,"140":0,"141":0,"142":0,"143":0,"144":0,"145":0,"146":0,"147":0,"148":0,"149":0,"150":0,"151":0,"152":0,"153":0,"154":0,"155":0,"156":0,"157":0,"158":0,"159":0,"160":0,"161":0,"162":0,"163":0,"164":0,"165":0,"166":0,"167":0,"168":0,"169":0,"170":0,"171":0,"172":0,"173":0,"174":0,"175":0,"176":0,"177":0,"178":0,"179":0,"180":0,"181":0,"182":0,"183":0,"184":0,"185":0,"186":0,"187":0,"188":0,"189":0,"190":0,"191":0,"192":0,"193":0,"194":0,"195":0,"196":0,"197":0,"198":0,"199":1,"200":1,"201":1,"202":1,"203":1},"branchMap":{"0":{"type":"branch","line":3,"loc":{"start":{"line":3,"column":0},"end":{"line":6,"column":1}},"locations":[{"start":{"line":3,"column":0},"end":{"line":6,"column":1}}]},"1":{"type":"branch","line":5,"loc":{"start":{"line":5,"column":24},"end":{"line":5,"column":43}},"locations":[{"start":{"line":5,"column":24},"end":{"line":5,"column":43}}]},"2":{"type":"branch","line":5,"loc":{"start":{"line":5,"column":43},"end":{"line":5,"column":50}},"locations":[{"start":{"line":5,"column":43},"end":{"line":5,"column":50}}]},"3":{"type":"branch","line":8,"loc":{"start":{"line":8,"column":0},"end":{"line":36,"column":1}},"locations":[{"start":{"line":8,"column":0},"end":{"line":36,"column":1}}]},"4":{"type":"branch","line":20,"loc":{"start":{"line":20,"column":31},"end":{"line":20,"column":58}},"locations":[{"start":{"line":20,"column":31},"end":{"line":20,"column":58}}]},"5":{"type":"branch","line":20,"loc":{"start":{"line":20,"column":58},"end":{"line":20,"column":81}},"locations":[{"start":{"line":20,"column":58},"end":{"line":20,"column":81}}]},"6":{"type":"branch","line":20,"loc":{"start":{"line":20,"column":81},"end":{"line":20,"column":105}},"locations":[{"start":{"line":20,"column":81},"end":{"line":20,"column":105}}]},"7":{"type":"branch","line":21,"loc":{"start":{"line":21,"column":76},"end":{"line":21,"column":110}},"locations":[{"start":{"line":21,"column":76},"end":{"line":21,"column":110}}]},"8":{"type":"branch","line":22,"loc":{"start":{"line":22,"column":30},"end":{"line":22,"column":236}},"locations":[{"start":{"line":22,"column":30},"end":{"line":22,"column":236}}]},"9":{"type":"branch","line":23,"loc":{"start":{"line":23,"column":5},"end":{"line":26,"column":5}},"locations":[{"start":{"line":23,"column":5},"end":{"line":26,"column":5}}]},"10":{"type":"branch","line":30,"loc":{"start":{"line":30,"column":27},"end":{"line":30,"column":69}},"locations":[{"start":{"line":30,"column":27},"end":{"line":30,"column":69}}]},"11":{"type":"branch","line":32,"loc":{"start":{"line":32,"column":25},"end":{"line":32,"column":65}},"locations":[{"start":{"line":32,"column":25},"end":{"line":32,"column":65}}]},"12":{"type":"branch","line":33,"loc":{"start":{"line":33,"column":22},"end":{"line":33,"column":59}},"locations":[{"start":{"line":33,"column":22},"end":{"line":33,"column":59}}]},"13":{"type":"branch","line":9,"loc":{"start":{"line":9,"column":21},"end":{"line":9,"column":66}},"locations":[{"start":{"line":9,"column":21},"end":{"line":9,"column":66}}]},"14":{"type":"branch","line":10,"loc":{"start":{"line":10,"column":23},"end":{"line":10,"column":60}},"locations":[{"start":{"line":10,"column":23},"end":{"line":10,"column":60}}]},"15":{"type":"branch","line":11,"loc":{"start":{"line":11,"column":20},"end":{"line":11,"column":57}},"locations":[{"start":{"line":11,"column":20},"end":{"line":11,"column":57}}]},"16":{"type":"branch","line":12,"loc":{"start":{"line":12,"column":25},"end":{"line":12,"column":66}},"locations":[{"start":{"line":12,"column":25},"end":{"line":12,"column":66}}]},"17":{"type":"branch","line":38,"loc":{"start":{"line":38,"column":0},"end":{"line":57,"column":1}},"locations":[{"start":{"line":38,"column":0},"end":{"line":57,"column":1}}]},"18":{"type":"branch","line":51,"loc":{"start":{"line":51,"column":5},"end":{"line":54,"column":5}},"locations":[{"start":{"line":51,"column":5},"end":{"line":54,"column":5}}]},"19":{"type":"branch","line":39,"loc":{"start":{"line":39,"column":21},"end":{"line":39,"column":66}},"locations":[{"start":{"line":39,"column":21},"end":{"line":39,"column":66}}]},"20":{"type":"branch","line":40,"loc":{"start":{"line":40,"column":25},"end":{"line":40,"column":66}},"locations":[{"start":{"line":40,"column":25},"end":{"line":40,"column":66}}]},"21":{"type":"branch","line":59,"loc":{"start":{"line":59,"column":0},"end":{"line":65,"column":1}},"locations":[{"start":{"line":59,"column":0},"end":{"line":65,"column":1}}]},"22":{"type":"branch","line":67,"loc":{"start":{"line":67,"column":0},"end":{"line":71,"column":1}},"locations":[{"start":{"line":67,"column":0},"end":{"line":71,"column":1}}]},"23":{"type":"branch","line":68,"loc":{"start":{"line":68,"column":20},"end":{"line":70,"column":5}},"locations":[{"start":{"line":68,"column":20},"end":{"line":70,"column":5}}]}},"b":{"0":[13],"1":[12],"2":[1],"3":[7],"4":[1],"5":[0],"6":[0],"7":[1],"8":[1],"9":[0],"10":[6],"11":[6],"12":[6],"13":[19],"14":[12],"15":[12],"16":[18],"17":[2],"18":[0],"19":[8],"20":[8],"21":[10],"22":[20],"23":[0]},"fnMap":{"0":{"name":"getActiveSection","decl":{"start":{"line":3,"column":0},"end":{"line":6,"column":1}},"loc":{"start":{"line":3,"column":0},"end":{"line":6,"column":1}},"line":3},"1":{"name":"activateSection","decl":{"start":{"line":8,"column":0},"end":{"line":36,"column":1}},"loc":{"start":{"line":8,"column":0},"end":{"line":36,"column":1}},"line":8},"2":{"name":"activateSubSection","decl":{"start":{"line":38,"column":0},"end":{"line":57,"column":1}},"loc":{"start":{"line":38,"column":0},"end":{"line":57,"column":1}},"line":38},"3":{"name":"getProjectCardsInActiveSection","decl":{"start":{"line":59,"column":0},"end":{"line":65,"column":1}},"loc":{"start":{"line":59,"column":0},"end":{"line":65,"column":1}},"line":59},"4":{"name":"consoleLog","decl":{"start":{"line":67,"column":0},"end":{"line":71,"column":1}},"loc":{"start":{"line":67,"column":0},"end":{"line":71,"column":1}},"line":67}},"f":{"0":13,"1":7,"2":2,"3":10,"4":20}}
}
